# JRE version: Java(TM) SE Runtime Environment (17.0.5+9) (build 17.0.5+9-LTS-191)
# Java VM: Java HotSpot(TM) 64-Bit Server VM (17.0.5+9-LTS-191, mixed mode, emulated-client, sharing, tiered, compressed oops, compressed class ptrs, g1 gc, windows-amd64)
GC Precious Log:
 CPUs: 12 total, 12 available
 Memory: 16045M
 Large Page Support: Disabled
 NUMA Support: Disabled
 Compressed Oops: Enabled (Zero based)
 Heap Region Size: 2M
 Heap Min Capacity: 8M
 Heap Initial Capacity: 252M
 Heap Max Capacity: 4012M
 Pre-touch: Disabled
 Parallel Workers: 10
 Concurrent Workers: 3
 Concurrent Refinement Workers: 10
 Periodic GC: Disabled
Heap:
 garbage-first heap   total 262144K, used 99042K [0x0000000705400000, 0x0000000800000000)
  region size 2048K, 6 young (12288K), 6 survivors (12288K)
 Metaspace       used 50022K, committed 50368K, reserved 1097728K
  class space    used 7182K, committed 7360K, reserved 1048576K
GC Heap History (20 events):
Event: 10.900 GC heap after
{Heap after GC invocations=21 (full 0):
 garbage-first heap   total 217088K, used 47357K [0x0000000705400000, 0x0000000800000000)
  region size 2048K, 2 young (4096K), 2 survivors (4096K)
 Metaspace       used 50021K, committed 50368K, reserved 1097728K
  class space    used 7181K, committed 7360K, reserved 1048576K
}
Event: 11.385 GC heap before
{Heap before GC invocations=21 (full 0):
 garbage-first heap   total 217088K, used 172285K [0x0000000705400000, 0x0000000800000000)
  region size 2048K, 63 young (129024K), 2 survivors (4096K)
 Metaspace       used 50021K, committed 50368K, reserved 1097728K
  class space    used 7181K, committed 7360K, reserved 1048576K
}
Event: 11.388 GC heap after
{Heap after GC invocations=22 (full 0):
 garbage-first heap   total 217088K, used 50437K [0x0000000705400000, 0x0000000800000000)
  region size 2048K, 3 young (6144K), 3 survivors (6144K)
 Metaspace       used 50021K, committed 50368K, reserved 1097728K
  class space    used 7181K, committed 7360K, reserved 1048576K
}
Event: 11.554 GC heap before
{Heap before GC invocations=22 (full 0):
 garbage-first heap   total 217088K, used 177413K [0x0000000705400000, 0x0000000800000000)
  region size 2048K, 63 young (129024K), 3 survivors (6144K)
 Metaspace       used 50021K, committed 50368K, reserved 1097728K
  class space    used 7181K, committed 7360K, reserved 1048576K
}
Event: 11.559 GC heap after
{Heap after GC invocations=23 (full 0):
 garbage-first heap   total 217088K, used 58288K [0x0000000705400000, 0x0000000800000000)
  region size 2048K, 5 young (10240K), 5 survivors (10240K)
 Metaspace       used 50021K, committed 50368K, reserved 1097728K
  class space    used 7181K, committed 7360K, reserved 1048576K
}
Event: 11.714 GC heap before
{Heap before GC invocations=23 (full 0):
 garbage-first heap   total 217088K, used 177072K [0x0000000705400000, 0x0000000800000000)
  region size 2048K, 63 young (129024K), 5 survivors (10240K)
 Metaspace       used 50021K, committed 50368K, reserved 1097728K
  class space    used 7181K, committed 7360K, reserved 1048576K
}
Event: 11.719 GC heap after
{Heap after GC invocations=24 (full 0):
 garbage-first heap   total 217088K, used 60567K [0x0000000705400000, 0x0000000800000000)
  region size 2048K, 5 young (10240K), 5 survivors (10240K)
 Metaspace       used 50021K, committed 50368K, reserved 1097728K
  class space    used 7181K, committed 7360K, reserved 1048576K
}
Event: 12.023 GC heap before
{Heap before GC invocations=24 (full 0):
 garbage-first heap   total 217088K, used 179351K [0x0000000705400000, 0x0000000800000000)
  region size 2048K, 63 young (129024K), 5 survivors (10240K)
 Metaspace       used 50022K, committed 50368K, reserved 1097728K
  class space    used 7182K, committed 7360K, reserved 1048576K
}
Event: 12.028 GC heap after
{Heap after GC invocations=25 (full 0):
 garbage-first heap   total 217088K, used 63155K [0x0000000705400000, 0x0000000800000000)
  region size 2048K, 5 young (10240K), 5 survivors (10240K)
 Metaspace       used 50022K, committed 50368K, reserved 1097728K
  class space    used 7182K, committed 7360K, reserved 1048576K
}
Event: 13.537 GC heap before
{Heap before GC invocations=25 (full 0):
 garbage-first heap   total 217088K, used 181939K [0x0000000705400000, 0x0000000800000000)
  region size 2048K, 63 young (129024K), 5 survivors (10240K)
 Metaspace       used 50022K, committed 50368K, reserved 1097728K
  class space    used 7182K, committed 7360K, reserved 1048576K
}
Event: 13.542 GC heap after
{Heap after GC invocations=26 (full 0):
 garbage-first heap   total 262144K, used 66176K [0x0000000705400000, 0x0000000800000000)
  region size 2048K, 6 young (12288K), 6 survivors (12288K)
 Metaspace       used 50022K, committed 50368K, reserved 1097728K
  class space    used 7182K, committed 7360K, reserved 1048576K
}
Event: 13.737 GC heap before
{Heap before GC invocations=26 (full 0):
 garbage-first heap   total 262144K, used 209536K [0x0000000705400000, 0x0000000800000000)
  region size 2048K, 76 young (155648K), 6 survivors (12288K)
 Metaspace       used 50022K, committed 50368K, reserved 1097728K
  class space    used 7182K, committed 7360K, reserved 1048576K
}
Event: 13.743 GC heap after
{Heap after GC invocations=27 (full 0):
 garbage-first heap   total 262144K, used 71678K [0x0000000705400000, 0x0000000800000000)
  region size 2048K, 7 young (14336K), 7 survivors (14336K)
 Metaspace       used 50022K, committed 50368K, reserved 1097728K
  class space    used 7182K, committed 7360K, reserved 1048576K
}
Event: 14.057 GC heap before
{Heap before GC invocations=27 (full 0):
 garbage-first heap   total 262144K, used 212990K [0x0000000705400000, 0x0000000800000000)
  region size 2048K, 76 young (155648K), 7 survivors (14336K)
 Metaspace       used 50022K, committed 50368K, reserved 1097728K
  class space    used 7182K, committed 7360K, reserved 1048576K
}
Event: 14.064 GC heap after
{Heap after GC invocations=28 (full 0):
 garbage-first heap   total 262144K, used 76818K [0x0000000705400000, 0x0000000800000000)
  region size 2048K, 7 young (14336K), 7 survivors (14336K)
 Metaspace       used 50022K, committed 50368K, reserved 1097728K
  class space    used 7182K, committed 7360K, reserved 1048576K
}
Event: 14.263 GC heap before
{Heap before GC invocations=28 (full 0):
 garbage-first heap   total 262144K, used 218130K [0x0000000705400000, 0x0000000800000000)
  region size 2048K, 76 young (155648K), 7 survivors (14336K)
 Metaspace       used 50022K, committed 50368K, reserved 1097728K
  class space    used 7182K, committed 7360K, reserved 1048576K
}
Event: 14.272 GC heap after
{Heap after GC invocations=29 (full 0):
 garbage-first heap   total 262144K, used 82489K [0x0000000705400000, 0x0000000800000000)
  region size 2048K, 8 young (16384K), 8 survivors (16384K)
 Metaspace       used 50022K, committed 50368K, reserved 1097728K
  class space    used 7182K, committed 7360K, reserved 1048576K
}
Event: 14.456 GC heap before
{Heap before GC invocations=29 (full 0):
 garbage-first heap   total 262144K, used 223801K [0x0000000705400000, 0x0000000800000000)
  region size 2048K, 74 young (151552K), 8 survivors (16384K)
 Metaspace       used 50022K, committed 50368K, reserved 1097728K
  class space    used 7182K, committed 7360K, reserved 1048576K
}
Event: 14.465 GC heap after
{Heap after GC invocations=30 (full 0):
 garbage-first heap   total 262144K, used 94446K [0x0000000705400000, 0x0000000800000000)
  region size 2048K, 9 young (18432K), 9 survivors (18432K)
 Metaspace       used 50022K, committed 50368K, reserved 1097728K
  class space    used 7182K, committed 7360K, reserved 1048576K
}
Event: 14.617 GC heap before
{Heap before GC invocations=30 (full 0):
 garbage-first heap   total 262144K, used 215278K [0x0000000705400000, 0x0000000800000000)
  region size 2048K, 68 young (139264K), 9 survivors (18432K)
 Metaspace       used 50022K, committed 50368K, reserved 1097728K
  class space    used 7182K, committed 7360K, reserved 1048576K
}

