# JRE version: Java(TM) SE Runtime Environment (17.0.5+9) (build 17.0.5+9-LTS-191)
# Java VM: Java HotSpot(TM) 64-Bit Server VM (17.0.5+9-LTS-191, mixed mode, emulated-client, sharing, tiered, compressed oops, compressed class ptrs, g1 gc, windows-amd64)
GC Precious Log:
 CPUs: 12 total, 12 available
 Memory: 16045M
 Large Page Support: Disabled
 NUMA Support: Disabled
 Compressed Oops: Enabled (Zero based)
 Heap Region Size: 2M
 Heap Min Capacity: 8M
 Heap Initial Capacity: 252M
 Heap Max Capacity: 4012M
 Pre-touch: Disabled
 Parallel Workers: 10
 Concurrent Workers: 3
 Concurrent Refinement Workers: 10
 Periodic GC: Disabled
Heap:
 garbage-first heap   total 497664K, used 211447K [0x0000000705400000, 0x0000000800000000)
  region size 2048K, 5 young (10240K), 5 survivors (10240K)
 Metaspace       used 50027K, committed 50432K, reserved 1097728K
  class space    used 7181K, committed 7360K, reserved 1048576K
GC Heap History (20 events):
Event: 12.655 GC heap after
{Heap after GC invocations=30 (full 0):
 garbage-first heap   total 313344K, used 97231K [0x0000000705400000, 0x0000000800000000)
  region size 2048K, 9 young (18432K), 9 survivors (18432K)
 Metaspace       used 50026K, committed 50432K, reserved 1097728K
  class space    used 7181K, committed 7360K, reserved 1048576K
}
Event: 12.858 GC heap before
{Heap before GC invocations=30 (full 0):
 garbage-first heap   total 313344K, used 261071K [0x0000000705400000, 0x0000000800000000)
  region size 2048K, 89 young (182272K), 9 survivors (18432K)
 Metaspace       used 50026K, committed 50432K, reserved 1097728K
  class space    used 7181K, committed 7360K, reserved 1048576K
}
Event: 12.865 GC heap after
{Heap after GC invocations=31 (full 0):
 garbage-first heap   total 313344K, used 103600K [0x0000000705400000, 0x0000000800000000)
  region size 2048K, 10 young (20480K), 10 survivors (20480K)
 Metaspace       used 50026K, committed 50432K, reserved 1097728K
  class space    used 7181K, committed 7360K, reserved 1048576K
}
Event: 13.060 GC heap before
{Heap before GC invocations=31 (full 0):
 garbage-first heap   total 313344K, used 257200K [0x0000000705400000, 0x0000000800000000)
  region size 2048K, 85 young (174080K), 10 survivors (20480K)
 Metaspace       used 50026K, committed 50432K, reserved 1097728K
  class space    used 7181K, committed 7360K, reserved 1048576K
}
Event: 13.068 GC heap after
{Heap after GC invocations=32 (full 0):
 garbage-first heap   total 413696K, used 109950K [0x0000000705400000, 0x0000000800000000)
  region size 2048K, 7 young (14336K), 7 survivors (14336K)
 Metaspace       used 50026K, committed 50432K, reserved 1097728K
  class space    used 7181K, committed 7360K, reserved 1048576K
}
Event: 13.368 GC heap before
{Heap before GC invocations=32 (full 0):
 garbage-first heap   total 413696K, used 339326K [0x0000000705400000, 0x0000000800000000)
  region size 2048K, 119 young (243712K), 7 survivors (14336K)
 Metaspace       used 50026K, committed 50432K, reserved 1097728K
  class space    used 7181K, committed 7360K, reserved 1048576K
}
Event: 13.373 GC heap after
{Heap after GC invocations=33 (full 0):
 garbage-first heap   total 413696K, used 112852K [0x0000000705400000, 0x0000000800000000)
  region size 2048K, 8 young (16384K), 8 survivors (16384K)
 Metaspace       used 50026K, committed 50432K, reserved 1097728K
  class space    used 7181K, committed 7360K, reserved 1048576K
}
Event: 13.657 GC heap before
{Heap before GC invocations=33 (full 0):
 garbage-first heap   total 413696K, used 344276K [0x0000000705400000, 0x0000000800000000)
  region size 2048K, 121 young (247808K), 8 survivors (16384K)
 Metaspace       used 50027K, committed 50432K, reserved 1097728K
  class space    used 7181K, committed 7360K, reserved 1048576K
}
Event: 13.664 GC heap after
{Heap after GC invocations=34 (full 0):
 garbage-first heap   total 413696K, used 115868K [0x0000000705400000, 0x0000000800000000)
  region size 2048K, 10 young (20480K), 10 survivors (20480K)
 Metaspace       used 50027K, committed 50432K, reserved 1097728K
  class space    used 7181K, committed 7360K, reserved 1048576K
}
Event: 13.951 GC heap before
{Heap before GC invocations=34 (full 0):
 garbage-first heap   total 413696K, used 343196K [0x0000000705400000, 0x0000000800000000)
  region size 2048K, 121 young (247808K), 10 survivors (20480K)
 Metaspace       used 50027K, committed 50432K, reserved 1097728K
  class space    used 7181K, committed 7360K, reserved 1048576K
}
Event: 13.958 GC heap after
{Heap after GC invocations=35 (full 0):
 garbage-first heap   total 413696K, used 120417K [0x0000000705400000, 0x0000000800000000)
  region size 2048K, 9 young (18432K), 9 survivors (18432K)
 Metaspace       used 50027K, committed 50432K, reserved 1097728K
  class space    used 7181K, committed 7360K, reserved 1048576K
}
Event: 14.235 GC heap before
{Heap before GC invocations=35 (full 0):
 garbage-first heap   total 413696K, used 349793K [0x0000000705400000, 0x0000000800000000)
  region size 2048K, 121 young (247808K), 9 survivors (18432K)
 Metaspace       used 50027K, committed 50432K, reserved 1097728K
  class space    used 7181K, committed 7360K, reserved 1048576K
}
Event: 14.245 GC heap after
{Heap after GC invocations=36 (full 0):
 garbage-first heap   total 497664K, used 128912K [0x0000000705400000, 0x0000000800000000)
  region size 2048K, 10 young (20480K), 10 survivors (20480K)
 Metaspace       used 50027K, committed 50432K, reserved 1097728K
  class space    used 7181K, committed 7360K, reserved 1048576K
}
Event: 14.641 GC heap before
{Heap before GC invocations=36 (full 0):
 garbage-first heap   total 497664K, used 415632K [0x0000000705400000, 0x0000000800000000)
  region size 2048K, 145 young (296960K), 10 survivors (20480K)
 Metaspace       used 50027K, committed 50432K, reserved 1097728K
  class space    used 7181K, committed 7360K, reserved 1048576K
}
Event: 14.658 GC heap after
{Heap after GC invocations=37 (full 0):
 garbage-first heap   total 497664K, used 168152K [0x0000000705400000, 0x0000000800000000)
  region size 2048K, 19 young (38912K), 19 survivors (38912K)
 Metaspace       used 50027K, committed 50432K, reserved 1097728K
  class space    used 7181K, committed 7360K, reserved 1048576K
}
Event: 14.945 GC heap before
{Heap before GC invocations=37 (full 0):
 garbage-first heap   total 497664K, used 401624K [0x0000000705400000, 0x0000000800000000)
  region size 2048K, 133 young (272384K), 19 survivors (38912K)
 Metaspace       used 50027K, committed 50432K, reserved 1097728K
  class space    used 7181K, committed 7360K, reserved 1048576K
}
Event: 14.958 GC heap after
{Heap after GC invocations=38 (full 0):
 garbage-first heap   total 497664K, used 181452K [0x0000000705400000, 0x0000000800000000)
  region size 2048K, 6 young (12288K), 6 survivors (12288K)
 Metaspace       used 50027K, committed 50432K, reserved 1097728K
  class space    used 7181K, committed 7360K, reserved 1048576K
}
Event: 15.230 GC heap before
{Heap before GC invocations=38 (full 0):
 garbage-first heap   total 497664K, used 404684K [0x0000000705400000, 0x0000000800000000)
  region size 2048K, 115 young (235520K), 6 survivors (12288K)
 Metaspace       used 50027K, committed 50432K, reserved 1097728K
  class space    used 7181K, committed 7360K, reserved 1048576K
}
Event: 15.241 GC heap after
{Heap after GC invocations=39 (full 0):
 garbage-first heap   total 497664K, used 201331K [0x0000000705400000, 0x0000000800000000)
  region size 2048K, 15 young (30720K), 15 survivors (30720K)
 Metaspace       used 50027K, committed 50432K, reserved 1097728K
  class space    used 7181K, committed 7360K, reserved 1048576K
}
Event: 15.492 GC heap before
{Heap before GC invocations=39 (full 0):
 garbage-first heap   total 497664K, used 404083K [0x0000000705400000, 0x0000000800000000)
  region size 2048K, 114 young (233472K), 15 survivors (30720K)
 Metaspace       used 50027K, committed 50432K, reserved 1097728K
  class space    used 7181K, committed 7360K, reserved 1048576K
}

