# JRE version: Java(TM) SE Runtime Environment (17.0.5+9) (build 17.0.5+9-LTS-191)
# Java VM: Java HotSpot(TM) 64-Bit Server VM (17.0.5+9-LTS-191, mixed mode, emulated-client, sharing, tiered, compressed oops, compressed class ptrs, g1 gc, windows-amd64)
GC Precious Log:
 CPUs: 12 total, 12 available
 Memory: 16045M
 Large Page Support: Disabled
 NUMA Support: Disabled
 Compressed Oops: Enabled (Zero based)
 Heap Region Size: 2M
 Heap Min Capacity: 8M
 Heap Initial Capacity: 252M
 Heap Max Capacity: 4012M
 Pre-touch: Disabled
 Parallel Workers: 10
 Concurrent Workers: 3
 Concurrent Refinement Workers: 10
 Periodic GC: Disabled
Heap:
 garbage-first heap   total 450560K, used 192512K [0x0000000705400000, 0x0000000800000000)
  region size 2048K, 13 young (26624K), 13 survivors (26624K)
 Metaspace       used 50026K, committed 50432K, reserved 1097728K
  class space    used 7181K, committed 7360K, reserved 1048576K
GC Heap History (20 events):
Event: 12.864 GC heap after
{Heap after GC invocations=30 (full 0):
 garbage-first heap   total 280576K, used 92894K [0x0000000705400000, 0x0000000800000000)
  region size 2048K, 8 young (16384K), 8 survivors (16384K)
 Metaspace       used 50026K, committed 50432K, reserved 1097728K
  class space    used 7181K, committed 7360K, reserved 1048576K
}
Event: 13.052 GC heap before
{Heap before GC invocations=30 (full 0):
 garbage-first heap   total 280576K, used 234206K [0x0000000705400000, 0x0000000800000000)
  region size 2048K, 77 young (157696K), 8 survivors (16384K)
 Metaspace       used 50026K, committed 50432K, reserved 1097728K
  class space    used 7181K, committed 7360K, reserved 1048576K
}
Event: 13.059 GC heap after
{Heap after GC invocations=31 (full 0):
 garbage-first heap   total 280576K, used 99141K [0x0000000705400000, 0x0000000800000000)
  region size 2048K, 6 young (12288K), 6 survivors (12288K)
 Metaspace       used 50026K, committed 50432K, reserved 1097728K
  class space    used 7181K, committed 7360K, reserved 1048576K
}
Event: 13.230 GC heap before
{Heap before GC invocations=31 (full 0):
 garbage-first heap   total 280576K, used 236357K [0x0000000705400000, 0x0000000800000000)
  region size 2048K, 73 young (149504K), 6 survivors (12288K)
 Metaspace       used 50026K, committed 50432K, reserved 1097728K
  class space    used 7181K, committed 7360K, reserved 1048576K
}
Event: 13.237 GC heap after
{Heap after GC invocations=32 (full 0):
 garbage-first heap   total 370688K, used 104258K [0x0000000705400000, 0x0000000800000000)
  region size 2048K, 6 young (12288K), 6 survivors (12288K)
 Metaspace       used 50026K, committed 50432K, reserved 1097728K
  class space    used 7181K, committed 7360K, reserved 1048576K
}
Event: 13.518 GC heap before
{Heap before GC invocations=32 (full 0):
 garbage-first heap   total 370688K, used 309058K [0x0000000705400000, 0x0000000800000000)
  region size 2048K, 106 young (217088K), 6 survivors (12288K)
 Metaspace       used 50026K, committed 50432K, reserved 1097728K
  class space    used 7181K, committed 7360K, reserved 1048576K
}
Event: 13.526 GC heap after
{Heap after GC invocations=33 (full 0):
 garbage-first heap   total 370688K, used 109818K [0x0000000705400000, 0x0000000800000000)
  region size 2048K, 8 young (16384K), 8 survivors (16384K)
 Metaspace       used 50026K, committed 50432K, reserved 1097728K
  class space    used 7181K, committed 7360K, reserved 1048576K
}
Event: 13.760 GC heap before
{Heap before GC invocations=33 (full 0):
 garbage-first heap   total 370688K, used 304378K [0x0000000705400000, 0x0000000800000000)
  region size 2048K, 103 young (210944K), 8 survivors (16384K)
 Metaspace       used 50026K, committed 50432K, reserved 1097728K
  class space    used 7181K, committed 7360K, reserved 1048576K
}
Event: 13.767 GC heap after
{Heap after GC invocations=34 (full 0):
 garbage-first heap   total 370688K, used 114389K [0x0000000705400000, 0x0000000800000000)
  region size 2048K, 8 young (16384K), 8 survivors (16384K)
 Metaspace       used 50026K, committed 50432K, reserved 1097728K
  class space    used 7181K, committed 7360K, reserved 1048576K
}
Event: 14.010 GC heap before
{Heap before GC invocations=34 (full 0):
 garbage-first heap   total 370688K, used 306901K [0x0000000705400000, 0x0000000800000000)
  region size 2048K, 102 young (208896K), 8 survivors (16384K)
 Metaspace       used 50026K, committed 50432K, reserved 1097728K
  class space    used 7181K, committed 7360K, reserved 1048576K
}
Event: 14.017 GC heap after
{Heap after GC invocations=35 (full 0):
 garbage-first heap   total 370688K, used 116419K [0x0000000705400000, 0x0000000800000000)
  region size 2048K, 7 young (14336K), 7 survivors (14336K)
 Metaspace       used 50026K, committed 50432K, reserved 1097728K
  class space    used 7181K, committed 7360K, reserved 1048576K
}
Event: 14.264 GC heap before
{Heap before GC invocations=35 (full 0):
 garbage-first heap   total 370688K, used 310979K [0x0000000705400000, 0x0000000800000000)
  region size 2048K, 102 young (208896K), 7 survivors (14336K)
 Metaspace       used 50026K, committed 50432K, reserved 1097728K
  class space    used 7181K, committed 7360K, reserved 1048576K
}
Event: 14.273 GC heap after
{Heap after GC invocations=36 (full 0):
 garbage-first heap   total 450560K, used 120437K [0x0000000705400000, 0x0000000800000000)
  region size 2048K, 9 young (18432K), 9 survivors (18432K)
 Metaspace       used 50026K, committed 50432K, reserved 1097728K
  class space    used 7181K, committed 7360K, reserved 1048576K
}
Event: 14.627 GC heap before
{Heap before GC invocations=36 (full 0):
 garbage-first heap   total 450560K, used 372341K [0x0000000705400000, 0x0000000800000000)
  region size 2048K, 132 young (270336K), 9 survivors (18432K)
 Metaspace       used 50026K, committed 50432K, reserved 1097728K
  class space    used 7181K, committed 7360K, reserved 1048576K
}
Event: 14.636 GC heap after
{Heap after GC invocations=37 (full 0):
 garbage-first heap   total 450560K, used 128605K [0x0000000705400000, 0x0000000800000000)
  region size 2048K, 13 young (26624K), 13 survivors (26624K)
 Metaspace       used 50026K, committed 50432K, reserved 1097728K
  class space    used 7181K, committed 7360K, reserved 1048576K
}
Event: 14.964 GC heap before
{Heap before GC invocations=37 (full 0):
 garbage-first heap   total 450560K, used 382557K [0x0000000705400000, 0x0000000800000000)
  region size 2048K, 132 young (270336K), 13 survivors (26624K)
 Metaspace       used 50026K, committed 50432K, reserved 1097728K
  class space    used 7181K, committed 7360K, reserved 1048576K
}
Event: 14.980 GC heap after
{Heap after GC invocations=38 (full 0):
 garbage-first heap   total 450560K, used 163991K [0x0000000705400000, 0x0000000800000000)
  region size 2048K, 17 young (34816K), 17 survivors (34816K)
 Metaspace       used 50026K, committed 50432K, reserved 1097728K
  class space    used 7181K, committed 7360K, reserved 1048576K
}
Event: 15.235 GC heap before
{Heap before GC invocations=38 (full 0):
 garbage-first heap   total 450560K, used 364695K [0x0000000705400000, 0x0000000800000000)
  region size 2048K, 115 young (235520K), 17 survivors (34816K)
 Metaspace       used 50026K, committed 50432K, reserved 1097728K
  class space    used 7181K, committed 7360K, reserved 1048576K
}
Event: 15.248 GC heap after
{Heap after GC invocations=39 (full 0):
 garbage-first heap   total 450560K, used 179411K [0x0000000705400000, 0x0000000800000000)
  region size 2048K, 7 young (14336K), 7 survivors (14336K)
 Metaspace       used 50026K, committed 50432K, reserved 1097728K
  class space    used 7181K, committed 7360K, reserved 1048576K
}
Event: 15.482 GC heap before
{Heap before GC invocations=39 (full 0):
 garbage-first heap   total 450560K, used 369875K [0x0000000705400000, 0x0000000800000000)
  region size 2048K, 100 young (204800K), 7 survivors (14336K)
 Metaspace       used 50026K, committed 50432K, reserved 1097728K
  class space    used 7181K, committed 7360K, reserved 1048576K
}

