# JRE version: Java(TM) SE Runtime Environment (17.0.5+9) (build 17.0.5+9-LTS-191)
# Java VM: Java HotSpot(TM) 64-Bit Server VM (17.0.5+9-LTS-191, mixed mode, emulated-client, sharing, tiered, compressed oops, compressed class ptrs, g1 gc, windows-amd64)
GC Precious Log:
 CPUs: 12 total, 12 available
 Memory: 16045M
 Large Page Support: Disabled
 NUMA Support: Disabled
 Compressed Oops: Enabled (Zero based)
 Heap Region Size: 2M
 Heap Min Capacity: 8M
 Heap Initial Capacity: 252M
 Heap Max Capacity: 4012M
 Pre-touch: Disabled
 Parallel Workers: 10
 Concurrent Workers: 3
 Concurrent Refinement Workers: 10
 Periodic GC: Disabled
Heap:
 garbage-first heap   total 464896K, used 216166K [0x0000000705400000, 0x0000000800000000)
  region size 2048K, 9 young (18432K), 9 survivors (18432K)
 Metaspace       used 50026K, committed 50368K, reserved 1097728K
  class space    used 7181K, committed 7360K, reserved 1048576K
GC Heap History (20 events):
Event: 38.252 GC heap after
{Heap after GC invocations=44 (full 0):
 garbage-first heap   total 387072K, used 106082K [0x0000000705400000, 0x0000000800000000)
  region size 2048K, 5 young (10240K), 5 survivors (10240K)
 Metaspace       used 50026K, committed 50368K, reserved 1097728K
  class space    used 7181K, committed 7360K, reserved 1048576K
}
Event: 38.635 GC heap before
{Heap before GC invocations=45 (full 0):
 garbage-first heap   total 387072K, used 327266K [0x0000000705400000, 0x0000000800000000)
  region size 2048K, 113 young (231424K), 5 survivors (10240K)
 Metaspace       used 50026K, committed 50368K, reserved 1097728K
  class space    used 7181K, committed 7360K, reserved 1048576K
}
Event: 38.640 GC heap after
{Heap after GC invocations=46 (full 0):
 garbage-first heap   total 387072K, used 109331K [0x0000000705400000, 0x0000000800000000)
  region size 2048K, 7 young (14336K), 7 survivors (14336K)
 Metaspace       used 50026K, committed 50368K, reserved 1097728K
  class space    used 7181K, committed 7360K, reserved 1048576K
}
Event: 38.922 GC heap before
{Heap before GC invocations=46 (full 0):
 garbage-first heap   total 387072K, used 326419K [0x0000000705400000, 0x0000000800000000)
  region size 2048K, 113 young (231424K), 7 survivors (14336K)
 Metaspace       used 50026K, committed 50368K, reserved 1097728K
  class space    used 7181K, committed 7360K, reserved 1048576K
}
Event: 38.929 GC heap after
{Heap after GC invocations=47 (full 0):
 garbage-first heap   total 387072K, used 113848K [0x0000000705400000, 0x0000000800000000)
  region size 2048K, 9 young (18432K), 9 survivors (18432K)
 Metaspace       used 50026K, committed 50368K, reserved 1097728K
  class space    used 7181K, committed 7360K, reserved 1048576K
}
Event: 39.193 GC heap before
{Heap before GC invocations=47 (full 0):
 garbage-first heap   total 387072K, used 326840K [0x0000000705400000, 0x0000000800000000)
  region size 2048K, 113 young (231424K), 9 survivors (18432K)
 Metaspace       used 50026K, committed 50368K, reserved 1097728K
  class space    used 7181K, committed 7360K, reserved 1048576K
}
Event: 39.201 GC heap after
{Heap after GC invocations=48 (full 0):
 garbage-first heap   total 387072K, used 121527K [0x0000000705400000, 0x0000000800000000)
  region size 2048K, 10 young (20480K), 10 survivors (20480K)
 Metaspace       used 50026K, committed 50368K, reserved 1097728K
  class space    used 7181K, committed 7360K, reserved 1048576K
}
Event: 39.516 GC heap before
{Heap before GC invocations=48 (full 0):
 garbage-first heap   total 387072K, used 334519K [0x0000000705400000, 0x0000000800000000)
  region size 2048K, 109 young (223232K), 10 survivors (20480K)
 Metaspace       used 50026K, committed 50368K, reserved 1097728K
  class space    used 7181K, committed 7360K, reserved 1048576K
}
Event: 39.532 GC heap after
{Heap after GC invocations=49 (full 0):
 garbage-first heap   total 387072K, used 150782K [0x0000000705400000, 0x0000000800000000)
  region size 2048K, 14 young (28672K), 14 survivors (28672K)
 Metaspace       used 50026K, committed 50368K, reserved 1097728K
  class space    used 7181K, committed 7360K, reserved 1048576K
}
Event: 39.793 GC heap before
{Heap before GC invocations=49 (full 0):
 garbage-first heap   total 387072K, used 316670K [0x0000000705400000, 0x0000000800000000)
  region size 2048K, 95 young (194560K), 14 survivors (28672K)
 Metaspace       used 50026K, committed 50368K, reserved 1097728K
  class space    used 7181K, committed 7360K, reserved 1048576K
}
Event: 39.812 GC heap after
{Heap after GC invocations=50 (full 0):
 garbage-first heap   total 464896K, used 168064K [0x0000000705400000, 0x0000000800000000)
  region size 2048K, 8 young (16384K), 8 survivors (16384K)
 Metaspace       used 50026K, committed 50368K, reserved 1097728K
  class space    used 7181K, committed 7360K, reserved 1048576K
}
Event: 40.219 GC heap before
{Heap before GC invocations=51 (full 0):
 garbage-first heap   total 464896K, used 370816K [0x0000000705400000, 0x0000000800000000)
  region size 2048K, 110 young (225280K), 8 survivors (16384K)
 Metaspace       used 50026K, committed 50368K, reserved 1097728K
  class space    used 7181K, committed 7360K, reserved 1048576K
}
Event: 40.229 GC heap after
{Heap after GC invocations=52 (full 0):
 garbage-first heap   total 464896K, used 174678K [0x0000000705400000, 0x0000000800000000)
  region size 2048K, 14 young (28672K), 14 survivors (28672K)
 Metaspace       used 50026K, committed 50368K, reserved 1097728K
  class space    used 7181K, committed 7360K, reserved 1048576K
}
Event: 40.476 GC heap before
{Heap before GC invocations=52 (full 0):
 garbage-first heap   total 464896K, used 375382K [0x0000000705400000, 0x0000000800000000)
  region size 2048K, 112 young (229376K), 14 survivors (28672K)
 Metaspace       used 50026K, committed 50368K, reserved 1097728K
  class space    used 7181K, committed 7360K, reserved 1048576K
}
Event: 40.487 GC heap after
{Heap after GC invocations=53 (full 0):
 garbage-first heap   total 464896K, used 188946K [0x0000000705400000, 0x0000000800000000)
  region size 2048K, 14 young (28672K), 14 survivors (28672K)
 Metaspace       used 50026K, committed 50368K, reserved 1097728K
  class space    used 7181K, committed 7360K, reserved 1048576K
}
Event: 40.762 GC heap before
{Heap before GC invocations=53 (full 0):
 garbage-first heap   total 464896K, used 375314K [0x0000000705400000, 0x0000000800000000)
  region size 2048K, 105 young (215040K), 14 survivors (28672K)
 Metaspace       used 50026K, committed 50368K, reserved 1097728K
  class space    used 7181K, committed 7360K, reserved 1048576K
}
Event: 40.772 GC heap after
{Heap after GC invocations=54 (full 0):
 garbage-first heap   total 464896K, used 198330K [0x0000000705400000, 0x0000000800000000)
  region size 2048K, 12 young (24576K), 12 survivors (24576K)
 Metaspace       used 50026K, committed 50368K, reserved 1097728K
  class space    used 7181K, committed 7360K, reserved 1048576K
}
Event: 41.002 GC heap before
{Heap before GC invocations=54 (full 0):
 garbage-first heap   total 464896K, used 378554K [0x0000000705400000, 0x0000000800000000)
  region size 2048K, 100 young (204800K), 12 survivors (24576K)
 Metaspace       used 50026K, committed 50368K, reserved 1097728K
  class space    used 7181K, committed 7360K, reserved 1048576K
}
Event: 41.013 GC heap after
{Heap after GC invocations=55 (full 0):
 garbage-first heap   total 464896K, used 206970K [0x0000000705400000, 0x0000000800000000)
  region size 2048K, 9 young (18432K), 9 survivors (18432K)
 Metaspace       used 50026K, committed 50368K, reserved 1097728K
  class space    used 7181K, committed 7360K, reserved 1048576K
}
Event: 41.226 GC heap before
{Heap before GC invocations=55 (full 0):
 garbage-first heap   total 464896K, used 383098K [0x0000000705400000, 0x0000000800000000)
  region size 2048K, 95 young (194560K), 9 survivors (18432K)
 Metaspace       used 50026K, committed 50368K, reserved 1097728K
  class space    used 7181K, committed 7360K, reserved 1048576K
}

