# JRE version: Java(TM) SE Runtime Environment (17.0.5+9) (build 17.0.5+9-LTS-191)
# Java VM: Java HotSpot(TM) 64-Bit Server VM (17.0.5+9-LTS-191, mixed mode, emulated-client, sharing, tiered, compressed oops, compressed class ptrs, g1 gc, windows-amd64)
GC Precious Log:
 CPUs: 12 total, 12 available
 Memory: 16045M
 Large Page Support: Disabled
 NUMA Support: Disabled
 Compressed Oops: Enabled (Zero based)
 Heap Region Size: 2M
 Heap Min Capacity: 8M
 Heap Initial Capacity: 252M
 Heap Max Capacity: 4012M
 Pre-touch: Disabled
 Parallel Workers: 10
 Concurrent Workers: 3
 Concurrent Refinement Workers: 10
 Periodic GC: Disabled
Heap:
 garbage-first heap   total 731136K, used 365830K [0x0000000705400000, 0x0000000800000000)
  region size 2048K, 1 young (2048K), 1 survivors (2048K)
 Metaspace       used 49935K, committed 50304K, reserved 1097728K
  class space    used 7167K, committed 7360K, reserved 1048576K
GC Heap History (20 events):
Event: 33.752 GC heap after
{Heap after GC invocations=41 (full 0):
 garbage-first heap   total 559104K, used 202791K [0x0000000705400000, 0x0000000800000000)
  region size 2048K, 15 young (30720K), 15 survivors (30720K)
 Metaspace       used 49931K, committed 50304K, reserved 1097728K
  class space    used 7167K, committed 7360K, reserved 1048576K
}
Event: 34.604 GC heap before
{Heap before GC invocations=41 (full 0):
 garbage-first heap   total 559104K, used 446503K [0x0000000705400000, 0x0000000800000000)
  region size 2048K, 134 young (274432K), 15 survivors (30720K)
 Metaspace       used 49931K, committed 50304K, reserved 1097728K
  class space    used 7167K, committed 7360K, reserved 1048576K
}
Event: 34.615 GC heap after
{Heap after GC invocations=42 (full 0):
 garbage-first heap   total 559104K, used 214565K [0x0000000705400000, 0x0000000800000000)
  region size 2048K, 6 young (12288K), 6 survivors (12288K)
 Metaspace       used 49931K, committed 50304K, reserved 1097728K
  class space    used 7167K, committed 7360K, reserved 1048576K
}
Event: 35.034 GC heap before
{Heap before GC invocations=42 (full 0):
 garbage-first heap   total 559104K, used 456229K [0x0000000705400000, 0x0000000800000000)
  region size 2048K, 124 young (253952K), 6 survivors (12288K)
 Metaspace       used 49931K, committed 50304K, reserved 1097728K
  class space    used 7167K, committed 7360K, reserved 1048576K
}
Event: 35.045 GC heap after
{Heap after GC invocations=43 (full 0):
 garbage-first heap   total 559104K, used 225486K [0x0000000705400000, 0x0000000800000000)
  region size 2048K, 12 young (24576K), 12 survivors (24576K)
 Metaspace       used 49931K, committed 50304K, reserved 1097728K
  class space    used 7167K, committed 7360K, reserved 1048576K
}
Event: 35.318 GC heap before
{Heap before GC invocations=43 (full 0):
 garbage-first heap   total 559104K, used 458958K [0x0000000705400000, 0x0000000800000000)
  region size 2048K, 126 young (258048K), 12 survivors (24576K)
 Metaspace       used 49931K, committed 50304K, reserved 1097728K
  class space    used 7167K, committed 7360K, reserved 1048576K
}
Event: 35.331 GC heap after
{Heap after GC invocations=44 (full 0):
 garbage-first heap   total 559104K, used 235045K [0x0000000705400000, 0x0000000800000000)
  region size 2048K, 11 young (22528K), 11 survivors (22528K)
 Metaspace       used 49931K, committed 50304K, reserved 1097728K
  class space    used 7167K, committed 7360K, reserved 1048576K
}
Event: 35.624 GC heap before
{Heap before GC invocations=44 (full 0):
 garbage-first heap   total 559104K, used 466469K [0x0000000705400000, 0x0000000800000000)
  region size 2048K, 124 young (253952K), 11 survivors (22528K)
 Metaspace       used 49931K, committed 50304K, reserved 1097728K
  class space    used 7167K, committed 7360K, reserved 1048576K
}
Event: 35.635 GC heap after
{Heap after GC invocations=45 (full 0):
 garbage-first heap   total 671744K, used 241397K [0x0000000705400000, 0x0000000800000000)
  region size 2048K, 8 young (16384K), 8 survivors (16384K)
 Metaspace       used 49931K, committed 50304K, reserved 1097728K
  class space    used 7167K, committed 7360K, reserved 1048576K
}
Event: 36.171 GC heap before
{Heap before GC invocations=45 (full 0):
 garbage-first heap   total 671744K, used 560885K [0x0000000705400000, 0x0000000800000000)
  region size 2048K, 164 young (335872K), 8 survivors (16384K)
 Metaspace       used 49931K, committed 50304K, reserved 1097728K
  class space    used 7167K, committed 7360K, reserved 1048576K
}
Event: 36.183 GC heap after
{Heap after GC invocations=46 (full 0):
 garbage-first heap   total 671744K, used 256000K [0x0000000705400000, 0x0000000800000000)
  region size 2048K, 15 young (30720K), 15 survivors (30720K)
 Metaspace       used 49931K, committed 50304K, reserved 1097728K
  class space    used 7167K, committed 7360K, reserved 1048576K
}
Event: 36.598 GC heap before
{Heap before GC invocations=46 (full 0):
 garbage-first heap   total 671744K, used 567296K [0x0000000705400000, 0x0000000800000000)
  region size 2048K, 164 young (335872K), 15 survivors (30720K)
 Metaspace       used 49931K, committed 50304K, reserved 1097728K
  class space    used 7167K, committed 7360K, reserved 1048576K
}
Event: 36.624 GC heap after
{Heap after GC invocations=47 (full 0):
 garbage-first heap   total 671744K, used 302563K [0x0000000705400000, 0x0000000800000000)
  region size 2048K, 21 young (43008K), 21 survivors (43008K)
 Metaspace       used 49931K, committed 50304K, reserved 1097728K
  class space    used 7167K, committed 7360K, reserved 1048576K
}
Event: 37.016 GC heap before
{Heap before GC invocations=47 (full 0):
 garbage-first heap   total 671744K, used 556515K [0x0000000705400000, 0x0000000800000000)
  region size 2048K, 137 young (280576K), 21 survivors (43008K)
 Metaspace       used 49931K, committed 50304K, reserved 1097728K
  class space    used 7167K, committed 7360K, reserved 1048576K
}
Event: 37.048 GC heap after
{Heap after GC invocations=48 (full 0):
 garbage-first heap   total 671744K, used 374784K [0x0000000705400000, 0x0000000800000000)
  region size 2048K, 18 young (36864K), 18 survivors (36864K)
 Metaspace       used 49931K, committed 50304K, reserved 1097728K
  class space    used 7167K, committed 7360K, reserved 1048576K
}
Event: 37.320 GC heap before
{Heap before GC invocations=48 (full 0):
 garbage-first heap   total 671744K, used 536576K [0x0000000705400000, 0x0000000800000000)
  region size 2048K, 97 young (198656K), 18 survivors (36864K)
 Metaspace       used 49935K, committed 50304K, reserved 1097728K
  class space    used 7167K, committed 7360K, reserved 1048576K
}
Event: 37.341 GC heap after
{Heap after GC invocations=49 (full 0):
 garbage-first heap   total 671744K, used 394690K [0x0000000705400000, 0x0000000800000000)
  region size 2048K, 7 young (14336K), 7 survivors (14336K)
 Metaspace       used 49935K, committed 50304K, reserved 1097728K
  class space    used 7167K, committed 7360K, reserved 1048576K
}
Event: 37.662 GC heap before
{Heap before GC invocations=50 (full 0):
 garbage-first heap   total 731136K, used 521666K [0x0000000705400000, 0x0000000800000000)
  region size 2048K, 81 young (165888K), 7 survivors (14336K)
 Metaspace       used 49935K, committed 50304K, reserved 1097728K
  class space    used 7167K, committed 7360K, reserved 1048576K
}
Event: 37.670 GC heap after
{Heap after GC invocations=51 (full 0):
 garbage-first heap   total 731136K, used 367938K [0x0000000705400000, 0x0000000800000000)
  region size 2048K, 6 young (12288K), 6 survivors (12288K)
 Metaspace       used 49935K, committed 50304K, reserved 1097728K
  class space    used 7167K, committed 7360K, reserved 1048576K
}
Event: 37.696 GC heap before
{Heap before GC invocations=51 (full 0):
 garbage-first heap   total 731136K, used 390466K [0x0000000705400000, 0x0000000800000000)
  region size 2048K, 17 young (34816K), 6 survivors (12288K)
 Metaspace       used 49935K, committed 50304K, reserved 1097728K
  class space    used 7167K, committed 7360K, reserved 1048576K
}

