# JRE version: Java(TM) SE Runtime Environment (17.0.5+9) (build 17.0.5+9-LTS-191)
# Java VM: Java HotSpot(TM) 64-Bit Server VM (17.0.5+9-LTS-191, mixed mode, emulated-client, sharing, tiered, compressed oops, compressed class ptrs, g1 gc, windows-amd64)
GC Precious Log:
 CPUs: 12 total, 12 available
 Memory: 16045M
 Large Page Support: Disabled
 NUMA Support: Disabled
 Compressed Oops: Enabled (Zero based)
 Heap Region Size: 2M
 Heap Min Capacity: 8M
 Heap Initial Capacity: 252M
 Heap Max Capacity: 4012M
 Pre-touch: Disabled
 Parallel Workers: 10
 Concurrent Workers: 3
 Concurrent Refinement Workers: 10
 Periodic GC: Disabled
Heap:
 garbage-first heap   total 135168K, used 48489K [0x0000000705400000, 0x0000000800000000)
  region size 2048K, 2 young (4096K), 2 survivors (4096K)
 Metaspace       used 50047K, committed 50432K, reserved 1097728K
  class space    used 7182K, committed 7360K, reserved 1048576K
GC Heap History (20 events):
Event: 6.763 GC heap after
{Heap after GC invocations=12 (full 0):
 garbage-first heap   total 75776K, used 22325K [0x0000000705400000, 0x0000000800000000)
  region size 2048K, 2 young (4096K), 2 survivors (4096K)
 Metaspace       used 48308K, committed 48704K, reserved 1097728K
  class space    used 6972K, committed 7168K, reserved 1048576K
}
Event: 24.544 GC heap before
{Heap before GC invocations=12 (full 0):
 garbage-first heap   total 75776K, used 53045K [0x0000000705400000, 0x0000000800000000)
  region size 2048K, 18 young (36864K), 2 survivors (4096K)
 Metaspace       used 50046K, committed 50432K, reserved 1097728K
  class space    used 7182K, committed 7360K, reserved 1048576K
}
Event: 24.549 GC heap after
{Heap after GC invocations=13 (full 0):
 garbage-first heap   total 75776K, used 27789K [0x0000000705400000, 0x0000000800000000)
  region size 2048K, 3 young (6144K), 3 survivors (6144K)
 Metaspace       used 50046K, committed 50432K, reserved 1097728K
  class space    used 7182K, committed 7360K, reserved 1048576K
}
Event: 24.588 GC heap before
{Heap before GC invocations=13 (full 0):
 garbage-first heap   total 75776K, used 54413K [0x0000000705400000, 0x0000000800000000)
  region size 2048K, 16 young (32768K), 3 survivors (6144K)
 Metaspace       used 50046K, committed 50432K, reserved 1097728K
  class space    used 7182K, committed 7360K, reserved 1048576K
}
Event: 24.591 GC heap after
{Heap after GC invocations=14 (full 0):
 garbage-first heap   total 75776K, used 31152K [0x0000000705400000, 0x0000000800000000)
  region size 2048K, 2 young (4096K), 2 survivors (4096K)
 Metaspace       used 50046K, committed 50432K, reserved 1097728K
  class space    used 7182K, committed 7360K, reserved 1048576K
}
Event: 24.944 GC heap before
{Heap before GC invocations=14 (full 0):
 garbage-first heap   total 75776K, used 53680K [0x0000000705400000, 0x0000000800000000)
  region size 2048K, 13 young (26624K), 2 survivors (4096K)
 Metaspace       used 50046K, committed 50432K, reserved 1097728K
  class space    used 7182K, committed 7360K, reserved 1048576K
}
Event: 24.945 GC heap after
{Heap after GC invocations=15 (full 0):
 garbage-first heap   total 75776K, used 31805K [0x0000000705400000, 0x0000000800000000)
  region size 2048K, 1 young (2048K), 1 survivors (2048K)
 Metaspace       used 50046K, committed 50432K, reserved 1097728K
  class space    used 7182K, committed 7360K, reserved 1048576K
}
Event: 25.115 GC heap before
{Heap before GC invocations=15 (full 0):
 garbage-first heap   total 75776K, used 54333K [0x0000000705400000, 0x0000000800000000)
  region size 2048K, 12 young (24576K), 1 survivors (2048K)
 Metaspace       used 50046K, committed 50432K, reserved 1097728K
  class space    used 7182K, committed 7360K, reserved 1048576K
}
Event: 25.116 GC heap after
{Heap after GC invocations=16 (full 0):
 garbage-first heap   total 75776K, used 31333K [0x0000000705400000, 0x0000000800000000)
  region size 2048K, 1 young (2048K), 1 survivors (2048K)
 Metaspace       used 50046K, committed 50432K, reserved 1097728K
  class space    used 7182K, committed 7360K, reserved 1048576K
}
Event: 25.152 GC heap before
{Heap before GC invocations=16 (full 0):
 garbage-first heap   total 75776K, used 55909K [0x0000000705400000, 0x0000000800000000)
  region size 2048K, 13 young (26624K), 1 survivors (2048K)
 Metaspace       used 50046K, committed 50432K, reserved 1097728K
  class space    used 7182K, committed 7360K, reserved 1048576K
}
Event: 25.154 GC heap after
{Heap after GC invocations=17 (full 0):
 garbage-first heap   total 75776K, used 33118K [0x0000000705400000, 0x0000000800000000)
  region size 2048K, 1 young (2048K), 1 survivors (2048K)
 Metaspace       used 50046K, committed 50432K, reserved 1097728K
  class space    used 7182K, committed 7360K, reserved 1048576K
}
Event: 25.187 GC heap before
{Heap before GC invocations=17 (full 0):
 garbage-first heap   total 75776K, used 59742K [0x0000000705400000, 0x0000000800000000)
  region size 2048K, 13 young (26624K), 1 survivors (2048K)
 Metaspace       used 50046K, committed 50432K, reserved 1097728K
  class space    used 7182K, committed 7360K, reserved 1048576K
}
Event: 25.191 GC heap after
{Heap after GC invocations=18 (full 0):
 garbage-first heap   total 120832K, used 42088K [0x0000000705400000, 0x0000000800000000)
  region size 2048K, 2 young (4096K), 2 survivors (4096K)
 Metaspace       used 50046K, committed 50432K, reserved 1097728K
  class space    used 7182K, committed 7360K, reserved 1048576K
}
Event: 25.259 GC heap before
{Heap before GC invocations=18 (full 0):
 garbage-first heap   total 120832K, used 87144K [0x0000000705400000, 0x0000000800000000)
  region size 2048K, 24 young (49152K), 2 survivors (4096K)
 Metaspace       used 50046K, committed 50432K, reserved 1097728K
  class space    used 7182K, committed 7360K, reserved 1048576K
}
Event: 25.262 GC heap after
{Heap after GC invocations=19 (full 0):
 garbage-first heap   total 120832K, used 45478K [0x0000000705400000, 0x0000000800000000)
  region size 2048K, 2 young (4096K), 2 survivors (4096K)
 Metaspace       used 50046K, committed 50432K, reserved 1097728K
  class space    used 7182K, committed 7360K, reserved 1048576K
}
Event: 25.324 GC heap before
{Heap before GC invocations=19 (full 0):
 garbage-first heap   total 120832K, used 88486K [0x0000000705400000, 0x0000000800000000)
  region size 2048K, 23 young (47104K), 2 survivors (4096K)
 Metaspace       used 50046K, committed 50432K, reserved 1097728K
  class space    used 7182K, committed 7360K, reserved 1048576K
}
Event: 25.326 GC heap after
{Heap after GC invocations=20 (full 0):
 garbage-first heap   total 120832K, used 46391K [0x0000000705400000, 0x0000000800000000)
  region size 2048K, 2 young (4096K), 2 survivors (4096K)
 Metaspace       used 50046K, committed 50432K, reserved 1097728K
  class space    used 7182K, committed 7360K, reserved 1048576K
}
Event: 25.382 GC heap before
{Heap before GC invocations=20 (full 0):
 garbage-first heap   total 120832K, used 91447K [0x0000000705400000, 0x0000000800000000)
  region size 2048K, 24 young (49152K), 2 survivors (4096K)
 Metaspace       used 50046K, committed 50432K, reserved 1097728K
  class space    used 7182K, committed 7360K, reserved 1048576K
}
Event: 25.385 GC heap after
{Heap after GC invocations=21 (full 0):
 garbage-first heap   total 120832K, used 47537K [0x0000000705400000, 0x0000000800000000)
  region size 2048K, 2 young (4096K), 2 survivors (4096K)
 Metaspace       used 50046K, committed 50432K, reserved 1097728K
  class space    used 7182K, committed 7360K, reserved 1048576K
}
Event: 25.457 GC heap before
{Heap before GC invocations=21 (full 0):
 garbage-first heap   total 120832K, used 92593K [0x0000000705400000, 0x0000000800000000)
  region size 2048K, 24 young (49152K), 2 survivors (4096K)
 Metaspace       used 50047K, committed 50432K, reserved 1097728K
  class space    used 7182K, committed 7360K, reserved 1048576K
}

